2022-09-09 11:03:28,074 [INFO] Activator:177 - 


2022-09-09 11:03:28,075 [INFO] Activator:178 - !SESSION log4j initialized
2022-09-09 11:04:32,491 [ERROR] LogOutputStream:74 - [STDERR_REDIRECT] SLF4J: Failed to load class "org.slf4j.impl.StaticLoggerBinder".
2022-09-09 11:04:32,494 [ERROR] LogOutputStream:74 - [STDERR_REDIRECT] SLF4J: Defaulting to no-operation (NOP) logger implementation
2022-09-09 11:04:32,500 [ERROR] LogOutputStream:74 - [STDERR_REDIRECT] SLF4J: See http://www.slf4j.org/codes.html#StaticLoggerBinder for further details.
2022-09-17 20:22:35,679 [INFO] Activator:177 - 


2022-09-17 20:22:35,680 [INFO] Activator:178 - !SESSION log4j initialized
2022-09-17 20:23:05,657 [ERROR] ConfigurationRetriever:139 - IOException on connection: sw-center.st.com
2022-09-17 20:23:05,724 [ERROR] ConfigurationRetriever:139 - IOException on connection: sw-center.st.com
2022-09-17 20:23:05,724 [ERROR] ConfigurationRetriever:139 - IOException on connection: sw-center.st.com
2022-09-17 20:23:28,876 [ERROR] LogOutputStream:74 - [STDERR_REDIRECT] SLF4J: Failed to load class "org.slf4j.impl.StaticLoggerBinder".
2022-09-17 20:23:28,876 [ERROR] LogOutputStream:74 - [STDERR_REDIRECT] SLF4J: Defaulting to no-operation (NOP) logger implementation
2022-09-17 20:23:28,879 [ERROR] LogOutputStream:74 - [STDERR_REDIRECT] SLF4J: See http://www.slf4j.org/codes.html#StaticLoggerBinder for further details.
2022-09-23 11:35:15,652 [INFO] Activator:177 - 


2022-09-23 11:35:15,663 [INFO] Activator:178 - !SESSION log4j initialized
2022-09-23 11:36:18,346 [ERROR] LogOutputStream:74 - [STDERR_REDIRECT] SLF4J: Failed to load class "org.slf4j.impl.StaticLoggerBinder".
2022-09-23 11:36:18,351 [ERROR] LogOutputStream:74 - [STDERR_REDIRECT] SLF4J: Defaulting to no-operation (NOP) logger implementation
2022-09-23 11:36:18,353 [ERROR] LogOutputStream:74 - [STDERR_REDIRECT] SLF4J: See http://www.slf4j.org/codes.html#StaticLoggerBinder for further details.
2022-09-24 04:01:01,818 [INFO] Activator:177 - 


2022-09-24 04:01:01,830 [INFO] Activator:178 - !SESSION log4j initialized
2022-09-24 04:01:58,645 [ERROR] LogOutputStream:74 - [STDERR_REDIRECT] SLF4J: Failed to load class "org.slf4j.impl.StaticLoggerBinder".
2022-09-24 04:01:58,649 [ERROR] LogOutputStream:74 - [STDERR_REDIRECT] SLF4J: Defaulting to no-operation (NOP) logger implementation
2022-09-24 04:01:58,656 [ERROR] LogOutputStream:74 - [STDERR_REDIRECT] SLF4J: See http://www.slf4j.org/codes.html#StaticLoggerBinder for further details.
2022-09-24 06:07:55,979 [INFO] McuFinderGlobals:44 - Set McuFinder mode to 2 (CubeIDE integrated)
2022-09-24 06:07:58,222 [INFO] ApplicationProperties:181 - Using Application install path: C:\ST\STM32CubeIDE_1.10.1\STM32CubeIDE\plugins\com.st.stm32cube.common.mx_6.6.1.202207061420
2022-09-24 06:07:58,255 [INFO] DbMcusXml:77 - Set database path to: C:\ST\STM32CubeIDE_1.10.1\STM32CubeIDE\plugins\com.st.stm32cube.common.mx_6.6.1.202207061420\\db\/mcu/
2022-09-24 06:07:58,257 [INFO] ApiDb:269 - Set plugin database path to: C:\ST\STM32CubeIDE_1.10.1\STM32CubeIDE\plugins\com.st.stm32cube.common.mx_6.6.1.202207061420\\db\/plugins/boardmanager/
2022-09-24 06:07:58,258 [WARN] ApiDb:254 - Overriding images path with different value:  => C:\ST\STM32CubeIDE_1.10.1\STM32CubeIDE\plugins\com.st.stm32cube.common.mx_6.6.1.202207061420\\db\/plugins/mcufinder/images/
2022-09-24 06:07:58,433 [INFO] ApiDb:249 - Set database path to: C:\Users\ACER\.stmcufinder\plugins\mcufinder//mcu/
2022-09-24 06:07:58,437 [INFO] DbMcusAds:124 - Set database path to: C:\Users\ACER\.stmcufinder\plugins\mcufinder//mcu/
2022-09-24 06:07:58,554 [INFO] CrossReferenceDbSqlite:201 - Set database path to: C:\Users\ACER\.stmcufinder\plugins\mcufinder//mcu/cs/
2022-09-24 06:07:58,928 [INFO] RulesReader:61 - Compatibility file has been processed (282 Rules)
2022-09-24 06:07:59,336 [INFO] DbMcusXml:77 - Set database path to: C:\ST\STM32CubeIDE_1.10.1\STM32CubeIDE\plugins\com.st.stm32cube.common.mx_6.6.1.202207061420\\db\/mcu/
2022-09-24 06:07:59,336 [INFO] ApiDb:269 - Set plugin database path to: C:\ST\STM32CubeIDE_1.10.1\STM32CubeIDE\plugins\com.st.stm32cube.common.mx_6.6.1.202207061420\\db\/plugins/boardmanager/
2022-09-24 06:07:59,350 [INFO] ApiDb:256 - Set plugin images path to: C:\ST\STM32CubeIDE_1.10.1\STM32CubeIDE\plugins\com.st.stm32cube.common.mx_6.6.1.202207061420\\db\/plugins/mcufinder/images/
2022-09-24 06:07:59,350 [WARN] DbFile:40 - Overriding database path with different value: C:\Users\ACER\.stmcufinder\plugins\mcufinder/ => C:\Users\ACER\.stmcufinder\plugins\mcufinder
2022-09-24 06:07:59,350 [INFO] ApiDb:249 - Set database path to: C:\Users\ACER\.stmcufinder\plugins\mcufinder//mcu/
2022-09-24 06:07:59,350 [WARN] DbFile:40 - Overriding database path with different value: C:\Users\ACER\.stmcufinder\plugins\mcufinder/ => C:\Users\ACER\.stmcufinder\plugins\mcufinder
2022-09-24 06:07:59,350 [INFO] DbMcusAds:124 - Set database path to: C:\Users\ACER\.stmcufinder\plugins\mcufinder//mcu/
2022-09-24 06:07:59,351 [WARN] DbFile:40 - Overriding database path with different value: C:\Users\ACER\.stmcufinder\plugins\mcufinder/ => C:\Users\ACER\.stmcufinder\plugins\mcufinder
2022-09-24 06:07:59,351 [WARN] DbFile:40 - Overriding database path with different value: C:\Users\ACER\.stmcufinder\plugins\mcufinder/ => C:\Users\ACER\.stmcufinder\plugins\mcufinder
2022-09-24 06:07:59,351 [INFO] CrossReferenceDbSqlite:201 - Set database path to: C:\Users\ACER\.stmcufinder\plugins\mcufinder//mcu/cs/
2022-09-24 06:07:59,677 [INFO] MainPanel:242 - HeapMemory: 403701760
2022-09-24 06:08:00,116 [INFO] DbMcusXml:77 - Set database path to: C:\ST\STM32CubeIDE_1.10.1\STM32CubeIDE\plugins\com.st.stm32cube.common.mx_6.6.1.202207061420\\db\/mcu/
2022-09-24 06:08:00,116 [INFO] ApiDb:269 - Set plugin database path to: C:\ST\STM32CubeIDE_1.10.1\STM32CubeIDE\plugins\com.st.stm32cube.common.mx_6.6.1.202207061420\\db\/plugins/boardmanager/
2022-09-24 06:08:00,116 [INFO] ApiDb:256 - Set plugin images path to: C:\ST\STM32CubeIDE_1.10.1\STM32CubeIDE\plugins\com.st.stm32cube.common.mx_6.6.1.202207061420\\db\/plugins/mcufinder/images/
2022-09-24 06:08:00,117 [WARN] DbFile:40 - Overriding database path with different value: C:\Users\ACER\.stmcufinder\plugins\mcufinder/ => C:\Users\ACER\.stmcufinder\plugins\mcufinder
2022-09-24 06:08:00,117 [INFO] ApiDb:249 - Set database path to: C:\Users\ACER\.stmcufinder\plugins\mcufinder//mcu/
2022-09-24 06:08:00,117 [WARN] DbFile:40 - Overriding database path with different value: C:\Users\ACER\.stmcufinder\plugins\mcufinder/ => C:\Users\ACER\.stmcufinder\plugins\mcufinder
2022-09-24 06:08:00,117 [INFO] DbMcusAds:124 - Set database path to: C:\Users\ACER\.stmcufinder\plugins\mcufinder//mcu/
2022-09-24 06:08:00,118 [WARN] DbFile:40 - Overriding database path with different value: C:\Users\ACER\.stmcufinder\plugins\mcufinder/ => C:\Users\ACER\.stmcufinder\plugins\mcufinder
2022-09-24 06:08:00,118 [WARN] DbFile:40 - Overriding database path with different value: C:\Users\ACER\.stmcufinder\plugins\mcufinder/ => C:\Users\ACER\.stmcufinder\plugins\mcufinder
2022-09-24 06:08:00,118 [INFO] CrossReferenceDbSqlite:201 - Set database path to: C:\Users\ACER\.stmcufinder\plugins\mcufinder//mcu/cs/
2022-09-24 06:08:00,186 [INFO] ApplicationProperties:181 - Using Application install path: C:\ST\STM32CubeIDE_1.10.1\STM32CubeIDE\plugins\com.st.stm32cube.common.mx_6.6.1.202207061420
2022-09-24 06:08:00,188 [INFO] PluginManage:193 - Search for loadable plugins [exclusion list=, ]
2022-09-24 06:08:00,191 [INFO] PluginManage:307 - Check plugin analytics
2022-09-24 06:08:05,201 [INFO] AnalyticsPlugin:262 - Accepted Software Licenses: STM32CubeMX.6.6.1
2022-09-24 06:08:05,202 [INFO] AnalyticsPlugin:264 - Accepted CMSIS Pack Licenses: 
2022-09-24 06:08:05,202 [INFO] AnalyticsPlugin:266 - Accepted Firmware Licenses: FW.F4.1.27.0
2022-09-24 06:08:05,209 [INFO] PluginManage:356 - Loaded plugin analytics (category:tool,tabindex:-1)
2022-09-24 06:08:05,209 [INFO] PluginManage:307 - Check plugin cadmodel
2022-09-24 06:08:05,358 [INFO] CADModel:65 - Init CAD model plugin
2022-09-24 06:08:05,358 [INFO] PluginManage:356 - Loaded plugin cadmodel (category:power,tabindex:5)
2022-09-24 06:08:05,358 [INFO] PluginManage:307 - Check plugin clock
2022-09-24 06:08:05,505 [INFO] PluginManage:356 - Loaded plugin clock (category:base,tabindex:2)
2022-09-24 06:08:05,505 [INFO] PluginManage:307 - Check plugin ddr
2022-09-24 06:08:05,526 [INFO] PluginManage:356 - Loaded plugin ddr (category:tool,tabindex:6)
2022-09-24 06:08:05,526 [INFO] PluginManage:307 - Check plugin filemanager
2022-09-24 06:08:05,858 [INFO] PluginManage:356 - Loaded plugin filemanager (category:base,tabindex:10)
2022-09-24 06:08:05,859 [INFO] PluginManage:307 - Check plugin ipmanager
2022-09-24 06:08:05,886 [INFO] PluginManage:356 - Loaded plugin ipmanager (category:base,tabindex:5)
2022-09-24 06:08:05,886 [INFO] PluginManage:307 - Check plugin lpbam
2022-09-24 06:08:05,920 [INFO] PluginManage:356 - Loaded plugin lpbam (category:base,tabindex:0)
2022-09-24 06:08:05,920 [INFO] PluginManage:307 - Check plugin pinoutandconfiguration
2022-09-24 06:08:05,960 [INFO] PluginManage:356 - Loaded plugin pinoutandconfiguration (category:base,tabindex:1)
2022-09-24 06:08:05,960 [INFO] PluginManage:307 - Check plugin pinoutconfig
2022-09-24 06:08:06,010 [INFO] PluginManage:356 - Loaded plugin pinoutconfig (category:base,tabindex:0)
2022-09-24 06:08:06,010 [INFO] PluginManage:307 - Check plugin power
2022-09-24 06:08:06,136 [INFO] PluginManage:356 - Loaded plugin power (category:power,tabindex:4)
2022-09-24 06:08:06,136 [INFO] PluginManage:307 - Check plugin projectmanager
2022-09-24 06:08:06,170 [INFO] PluginManage:356 - Loaded plugin projectmanager (category:projectmanager,tabindex:3)
2022-09-24 06:08:06,171 [INFO] PluginManage:307 - Check plugin thirdparty
2022-09-24 06:08:06,718 [WARN] IntegrityCheckThread:82 - waiting for thirdparty lock release [integrity check]
2022-09-24 06:08:06,719 [INFO] IntegrityCheckThread:84 - entering critical section [integrity check]
2022-09-24 06:08:06,719 [INFO] PluginManage:356 - Loaded plugin thirdparty (category:base,tabindex:-1)
2022-09-24 06:08:06,720 [INFO] PluginManage:307 - Check plugin tools
2022-09-24 06:08:06,721 [INFO] ThirdPartyUpdaterWithRetryManager:70 - Updater plugin not ready yet. [1/15]
2022-09-24 06:08:06,765 [INFO] PluginManage:356 - Loaded plugin tools (category:base,tabindex:7)
2022-09-24 06:08:06,765 [INFO] PluginManage:307 - Check plugin tutovideos
2022-09-24 06:08:07,292 [INFO] PluginManage:356 - Loaded plugin tutovideos (category:base,tabindex:-1)
2022-09-24 06:08:07,292 [INFO] PluginManage:307 - Check plugin updater
2022-09-24 06:08:07,332 [INFO] PluginManage:356 - Loaded plugin updater (category:base,tabindex:12)
2022-09-24 06:08:07,332 [INFO] PluginManage:280 - PluginManage : Loaded plugins [15]
2022-09-24 06:08:07,779 [INFO] PinOutPanel:1468 - setPackage(No Configuration,No Configuration)
2022-09-24 06:08:07,934 [INFO] CADModel:98 - CPN selected for project level
2022-09-24 06:08:08,024 [INFO] IPUIPlugin:79 - create IPUIPlugin
2022-09-24 06:08:08,025 [INFO] PluginManager:217 - loadIPPluginJar : add adc
2022-09-24 06:08:08,050 [INFO] IPUIPlugin:79 - create IPUIPlugin
2022-09-24 06:08:08,050 [INFO] PluginManager:217 - loadIPPluginJar : add aes
2022-09-24 06:08:08,068 [INFO] IPUIPlugin:79 - create IPUIPlugin
2022-09-24 06:08:08,068 [INFO] PluginManager:217 - loadIPPluginJar : add can
2022-09-24 06:08:08,071 [INFO] IPUIPlugin:79 - create IPUIPlugin
2022-09-24 06:08:08,071 [INFO] PluginManager:217 - loadIPPluginJar : add comp
2022-09-24 06:08:08,076 [INFO] IPUIPlugin:79 - create IPUIPlugin
2022-09-24 06:08:08,076 [INFO] PluginManager:217 - loadIPPluginJar : add cryp
2022-09-24 06:08:08,113 [INFO] IPUIPlugin:79 - create IPUIPlugin
2022-09-24 06:08:08,113 [INFO] PluginManager:217 - loadIPPluginJar : add dfsdm
2022-09-24 06:08:08,144 [INFO] IPUIPlugin:79 - create IPUIPlugin
2022-09-24 06:08:08,145 [INFO] PluginManager:217 - loadIPPluginJar : add dma
2022-09-24 06:08:08,183 [INFO] IPUIPlugin:79 - create IPUIPlugin
2022-09-24 06:08:08,184 [INFO] PluginManager:217 - loadIPPluginJar : add dma3
2022-09-24 06:08:08,232 [INFO] IPUIPlugin:79 - create IPUIPlugin
2022-09-24 06:08:08,232 [INFO] PluginManager:217 - loadIPPluginJar : add fatfs
2022-09-24 06:08:08,254 [INFO] IPUIPlugin:79 - create IPUIPlugin
2022-09-24 06:08:08,254 [INFO] PluginManager:217 - loadIPPluginJar : add fmc
2022-09-24 06:08:08,282 [INFO] IPUIPlugin:79 - create IPUIPlugin
2022-09-24 06:08:08,282 [INFO] PluginManager:217 - loadIPPluginJar : add freertos
2022-09-24 06:08:08,306 [INFO] IPUIPlugin:79 - create IPUIPlugin
2022-09-24 06:08:08,306 [INFO] PluginManager:217 - loadIPPluginJar : add genericplugin
2022-09-24 06:08:08,331 [INFO] IPUIPlugin:79 - create IPUIPlugin
2022-09-24 06:08:08,331 [INFO] PluginManager:217 - loadIPPluginJar : add gfxmmu
2022-09-24 06:08:08,359 [INFO] IPUIPlugin:79 - create IPUIPlugin
2022-09-24 06:08:08,360 [INFO] PluginManager:217 - loadIPPluginJar : add gic
2022-09-24 06:08:08,385 [INFO] IPUIPlugin:79 - create IPUIPlugin
2022-09-24 06:08:08,385 [INFO] PluginManager:217 - loadIPPluginJar : add gpio
2022-09-24 06:08:08,422 [INFO] IPUIPlugin:79 - create IPUIPlugin
2022-09-24 06:08:08,423 [INFO] PluginManager:217 - loadIPPluginJar : add gtzc
2022-09-24 06:08:08,446 [INFO] IPUIPlugin:79 - create IPUIPlugin
2022-09-24 06:08:08,446 [INFO] PluginManager:217 - loadIPPluginJar : add hash
2022-09-24 06:08:08,461 [INFO] IPUIPlugin:79 - create IPUIPlugin
2022-09-24 06:08:08,462 [INFO] PluginManager:217 - loadIPPluginJar : add i2c
2022-09-24 06:08:08,482 [INFO] IPUIPlugin:79 - create IPUIPlugin
2022-09-24 06:08:08,482 [INFO] PluginManager:217 - loadIPPluginJar : add i2s
2022-09-24 06:08:08,510 [INFO] IPUIPlugin:79 - create IPUIPlugin
2022-09-24 06:08:08,510 [INFO] PluginManager:217 - loadIPPluginJar : add ipddr
2022-09-24 06:08:08,535 [INFO] IPUIPlugin:79 - create IPUIPlugin
2022-09-24 06:08:08,535 [INFO] PluginManager:217 - loadIPPluginJar : add linkedlist
2022-09-24 06:08:08,551 [INFO] IPUIPlugin:79 - create IPUIPlugin
2022-09-24 06:08:08,551 [INFO] PluginManager:217 - loadIPPluginJar : add lorawan
2022-09-24 06:08:08,573 [INFO] IPUIPlugin:79 - create IPUIPlugin
2022-09-24 06:08:08,574 [INFO] PluginManager:217 - loadIPPluginJar : add ltdc
2022-09-24 06:08:08,613 [INFO] IPUIPlugin:79 - create IPUIPlugin
2022-09-24 06:08:08,614 [INFO] PluginManager:217 - loadIPPluginJar : add mdma
2022-09-24 06:08:08,642 [INFO] IPUIPlugin:79 - create IPUIPlugin
2022-09-24 06:08:08,643 [INFO] PluginManager:217 - loadIPPluginJar : add nvic
2022-09-24 06:08:08,646 [INFO] IPUIPlugin:79 - create IPUIPlugin
2022-09-24 06:08:08,647 [INFO] PluginManager:217 - loadIPPluginJar : add opamp
2022-09-24 06:08:08,659 [INFO] IPUIPlugin:79 - create IPUIPlugin
2022-09-24 06:08:08,660 [INFO] PluginManager:217 - loadIPPluginJar : add openamp
2022-09-24 06:08:08,684 [INFO] IPUIPlugin:79 - create IPUIPlugin
2022-09-24 06:08:08,684 [INFO] PluginManager:217 - loadIPPluginJar : add pdm2pcm
2022-09-24 06:08:08,714 [INFO] IPUIPlugin:79 - create IPUIPlugin
2022-09-24 06:08:08,718 [INFO] PluginManager:217 - loadIPPluginJar : add plateformsettings
2022-09-24 06:08:08,750 [INFO] IPUIPlugin:79 - create IPUIPlugin
2022-09-24 06:08:08,750 [INFO] PluginManager:217 - loadIPPluginJar : add quadspi
2022-09-24 06:08:08,777 [INFO] IPUIPlugin:79 - create IPUIPlugin
2022-09-24 06:08:08,778 [INFO] PluginManager:217 - loadIPPluginJar : add resmgrutility
2022-09-24 06:08:08,819 [INFO] IPUIPlugin:79 - create IPUIPlugin
2022-09-24 06:08:08,819 [INFO] PluginManager:217 - loadIPPluginJar : add sai
2022-09-24 06:08:08,841 [INFO] IPUIPlugin:79 - create IPUIPlugin
2022-09-24 06:08:08,842 [INFO] PluginManager:217 - loadIPPluginJar : add spi
2022-09-24 06:08:08,867 [INFO] IPUIPlugin:79 - create IPUIPlugin
2022-09-24 06:08:08,867 [INFO] PluginManager:217 - loadIPPluginJar : add stm32_wpan
2022-09-24 06:08:08,897 [INFO] IPUIPlugin:79 - create IPUIPlugin
2022-09-24 06:08:08,897 [INFO] PluginManager:217 - loadIPPluginJar : add tim
2022-09-24 06:08:08,904 [INFO] IPUIPlugin:79 - create IPUIPlugin
2022-09-24 06:08:08,904 [INFO] PluginManager:217 - loadIPPluginJar : add touchsensing
2022-09-24 06:08:08,909 [INFO] IPUIPlugin:79 - create IPUIPlugin
2022-09-24 06:08:08,909 [INFO] PluginManager:217 - loadIPPluginJar : add tracer_emb
2022-09-24 06:08:08,924 [INFO] IPUIPlugin:79 - create IPUIPlugin
2022-09-24 06:08:08,925 [INFO] PluginManager:217 - loadIPPluginJar : add ts
2022-09-24 06:08:08,958 [INFO] IPUIPlugin:79 - create IPUIPlugin
2022-09-24 06:08:08,959 [INFO] PluginManager:217 - loadIPPluginJar : add tsc
2022-09-24 06:08:08,974 [INFO] IPUIPlugin:79 - create IPUIPlugin
2022-09-24 06:08:08,974 [INFO] PluginManager:217 - loadIPPluginJar : add ucpd
2022-09-24 06:08:09,000 [INFO] IPUIPlugin:79 - create IPUIPlugin
2022-09-24 06:08:09,000 [INFO] PluginManager:217 - loadIPPluginJar : add usart
2022-09-24 06:08:09,016 [INFO] IPUIPlugin:79 - create IPUIPlugin
2022-09-24 06:08:09,016 [INFO] PluginManager:217 - loadIPPluginJar : add usbx
2022-09-24 06:08:09,486 [FATAL] Updater:301 - Updater called before beeing initialized
2022-09-24 06:08:09,682 [FATAL] Updater:301 - Updater called before beeing initialized
2022-09-24 06:08:09,707 [INFO] DbMcusAds:52 - JSON generation date=Thu Sep 30 12:25:09 IST 2021 (1632984909247)
2022-09-24 06:08:09,707 [FATAL] Updater:301 - Updater called before beeing initialized
2022-09-24 06:08:09,736 [INFO] ThirdPartyUpdaterWithRetryManager:70 - Updater plugin not ready yet. [2/15]
2022-09-24 06:08:10,282 [WARN] DetailPanel:344 - Failed to get advertising image, set to default
2022-09-24 06:08:10,670 [FATAL] Updater:301 - Updater called before beeing initialized
2022-09-24 06:08:10,673 [FATAL] Updater:301 - Updater called before beeing initialized
2022-09-24 06:08:10,673 [FATAL] Updater:301 - Updater called before beeing initialized
2022-09-24 06:08:10,673 [WARN] DetailPanel:344 - Failed to get advertising image, set to default
2022-09-24 06:08:10,674 [FATAL] Updater:301 - Updater called before beeing initialized
2022-09-24 06:08:10,765 [ERROR] Updater:1105 - MainUpdater not yet initialized. External WinMGr cannot be set.
2022-09-24 06:08:10,785 [INFO] Updater:1041 - Updater Version found : 6.6.1
2022-09-24 06:08:10,848 [INFO] ApplicationProperties:181 - Using Application install path: C:\ST\STM32CubeIDE_1.10.1\STM32CubeIDE\plugins\com.st.stm32cube.common.mx_6.6.1.202207061420
2022-09-24 06:08:11,328 [INFO] MainUpdater:2768 - connection check result : 10
2022-09-24 06:08:11,330 [INFO] MainUpdater:280 - Updater Check For Update Now.
2022-09-24 06:08:11,331 [INFO] MicroXplorer:481 - Change Database Version : DB.6.0.60
2022-09-24 06:08:11,641 [INFO] CheckServerUpdateThread:119 - End of CheckServer Thread
2022-09-24 06:08:11,699 [INFO] MainUpdater:2768 - connection check result : 10
2022-09-24 06:08:11,763 [INFO] McuFinderGlobals:57 - Set McuFinderConnectedMode to true
2022-09-24 06:08:12,745 [WARN] MainUpdater:1184 - Updater busy. Cannot search thirdparties
2022-09-24 06:08:12,746 [INFO] ThirdPartyUpdaterWithRetryManager:96 - Updater plugin is busy. [1/15]
2022-09-24 06:08:15,749 [WARN] MainUpdater:1184 - Updater busy. Cannot search thirdparties
2022-09-24 06:08:15,749 [INFO] ThirdPartyUpdaterWithRetryManager:96 - Updater plugin is busy. [2/15]
2022-09-24 06:08:18,755 [WARN] MainUpdater:1184 - Updater busy. Cannot search thirdparties
2022-09-24 06:08:18,755 [INFO] ThirdPartyUpdaterWithRetryManager:96 - Updater plugin is busy. [3/15]
2022-09-24 06:08:19,231 [INFO] ServerAccessManage:474 - Download File mcusAds.json._tmp_
2022-09-24 06:08:19,351 [INFO] LoadUrlFilesThread:150 - End of LoadUrlFiles Thread
2022-09-24 06:08:21,350 [INFO] ServerAccessManage:474 - Download File cube-finder-db.zip
2022-09-24 06:08:21,763 [WARN] MainUpdater:1184 - Updater busy. Cannot search thirdparties
2022-09-24 06:08:21,763 [INFO] ThirdPartyUpdaterWithRetryManager:96 - Updater plugin is busy. [4/15]
2022-09-24 06:08:24,763 [WARN] MainUpdater:1184 - Updater busy. Cannot search thirdparties
2022-09-24 06:08:24,763 [INFO] ThirdPartyUpdaterWithRetryManager:96 - Updater plugin is busy. [5/15]
2022-09-24 06:08:27,774 [WARN] MainUpdater:1184 - Updater busy. Cannot search thirdparties
2022-09-24 06:08:27,774 [INFO] ThirdPartyUpdaterWithRetryManager:96 - Updater plugin is busy. [6/15]
2022-09-24 06:08:30,787 [WARN] MainUpdater:1184 - Updater busy. Cannot search thirdparties
2022-09-24 06:08:30,788 [INFO] ThirdPartyUpdaterWithRetryManager:96 - Updater plugin is busy. [7/15]
2022-09-24 06:08:33,791 [WARN] MainUpdater:1184 - Updater busy. Cannot search thirdparties
2022-09-24 06:08:33,791 [INFO] ThirdPartyUpdaterWithRetryManager:96 - Updater plugin is busy. [8/15]
2022-09-24 06:08:36,793 [WARN] MainUpdater:1184 - Updater busy. Cannot search thirdparties
2022-09-24 06:08:36,793 [INFO] ThirdPartyUpdaterWithRetryManager:96 - Updater plugin is busy. [9/15]
2022-09-24 06:08:39,809 [WARN] MainUpdater:1184 - Updater busy. Cannot search thirdparties
2022-09-24 06:08:39,810 [INFO] ThirdPartyUpdaterWithRetryManager:96 - Updater plugin is busy. [10/15]
2022-09-24 06:08:42,811 [WARN] MainUpdater:1184 - Updater busy. Cannot search thirdparties
2022-09-24 06:08:42,811 [INFO] ThirdPartyUpdaterWithRetryManager:96 - Updater plugin is busy. [11/15]
2022-09-24 06:08:45,814 [WARN] MainUpdater:1184 - Updater busy. Cannot search thirdparties
2022-09-24 06:08:45,814 [INFO] ThirdPartyUpdaterWithRetryManager:96 - Updater plugin is busy. [12/15]
2022-09-24 06:08:48,828 [WARN] MainUpdater:1184 - Updater busy. Cannot search thirdparties
2022-09-24 06:08:48,828 [INFO] ThirdPartyUpdaterWithRetryManager:96 - Updater plugin is busy. [13/15]
2022-09-24 06:08:51,837 [WARN] MainUpdater:1184 - Updater busy. Cannot search thirdparties
2022-09-24 06:08:51,837 [INFO] ThirdPartyUpdaterWithRetryManager:96 - Updater plugin is busy. [14/15]
2022-09-24 06:08:54,849 [WARN] MainUpdater:1184 - Updater busy. Cannot search thirdparties
2022-09-24 06:08:54,849 [INFO] ThirdPartyUpdaterWithRetryManager:96 - Updater plugin is busy. [15/15]
2022-09-24 06:08:54,849 [ERROR] IntegrityCheckThread:128 - Cannot retrieve database content from updater: error -1
2022-09-24 06:08:54,849 [INFO] ThirdParty:929 - Integrity check success = false
2022-09-24 06:08:54,850 [INFO] IntegrityCheckThread:98 - exiting critical section [integrity check]
2022-09-24 06:08:54,850 [INFO] IntegrityCheckThread:101 - End integrity checks thread
2022-09-24 06:14:36,090 [INFO] FileExtend:239 - Unzip File : cube-finder-db.zip
2022-09-24 06:14:36,091 [INFO] FileExtend:254 - Standard Zip Deflate
2022-09-24 06:14:39,184 [INFO] LoadUrlFilesThread:150 - End of LoadUrlFiles Thread
2022-09-24 06:14:40,460 [INFO] ServerAccessManage:474 - Download File crdb.zip
2022-09-24 06:14:57,470 [INFO] FileExtend:239 - Unzip File : crdb.zip
2022-09-24 06:14:57,472 [INFO] FileExtend:254 - Standard Zip Deflate
2022-09-24 06:14:57,637 [INFO] LoadUrlFilesThread:150 - End of LoadUrlFiles Thread
2022-09-24 06:15:00,311 [INFO] ServerAccessManage:474 - Download File tutoVideoDB.zip
2022-09-24 06:15:04,720 [INFO] FileExtend:239 - Unzip File : tutoVideoDB.zip
2022-09-24 06:15:04,721 [INFO] FileExtend:254 - Standard Zip Deflate
2022-09-24 06:15:04,856 [INFO] LoadUrlFilesThread:150 - End of LoadUrlFiles Thread
2022-09-24 06:15:04,923 [INFO] JxBrowserEngine:106 - Initiate JxBrowser Engine with user profile folder
2022-09-24 06:15:16,342 [WARN] DbFile:40 - Overriding database path with different value: C:\Users\ACER\.stmcufinder\plugins\mcufinder/ => C:\Users\ACER\.stmcufinder\plugins\mcufinder
2022-09-24 06:15:19,965 [INFO] ServerAccessManage:474 - Download File api_config.json
2022-09-24 06:15:20,114 [INFO] LoadUrlFilesThread:150 - End of LoadUrlFiles Thread
2022-09-24 06:15:20,118 [INFO] DbMcusAds:52 - JSON generation date=Thu Sep 30 12:25:09 IST 2021 (1632984909247)
2022-09-24 06:15:20,149 [INFO] LoadUrlFilesThread:177 - End of LoadServerUrlFiles without Thread
2022-09-24 06:15:20,150 [INFO] TargetSelectorAdapter:228 - Refresh data is successful
2022-09-24 06:15:20,396 [INFO] ApiDb:576 - Connected to CubeFinder SQLite database (C:\Users\ACER\.stmcufinder\plugins\mcufinder\mcu\cube-finder-db.db)
2022-09-24 06:15:20,477 [INFO] ApiDb:663 - CubeFinder database Data Model version=2.1
2022-09-24 06:15:20,477 [INFO] ApiDb:664 - CubeFinder database Configuration version=3.0.32
2022-09-24 06:15:20,478 [INFO] ApiDb:665 - CubeFinder database generation date=2022-08-05 (1659688109)
2022-09-24 06:15:20,478 [INFO] ApiDb:666 - CubeFinder database FW Pack versions=[STM32Cube_FW_C0_V1.0.0, STM32Cube_FW_F4_V1.27.1, STM32Cube_FW_F7_V1.17.0, STM32Cube_FW_G0_V1.6.1, STM32Cube_FW_G4_V1.5.0, STM32Cube_FW_H7_V1.10.0, STM32Cube_FW_L5_V1.4.0, STM32Cube_FW_U5_V1.1.1, STM32Cube_FW_WB_V1.14.1, STM32Cube_FW_WL_V1.2.0, X-CUBE-ALGOBUILD_V1.3.0, X-CUBE-ALS_V1.0.1, X-CUBE-AZRTOS-F4_V1.1.0, X-CUBE-AZRTOS-F7_V1.1.0, X-CUBE-AZRTOS-G0_V1.1.0, X-CUBE-AZRTOS-G4_V1.0.0, X-CUBE-AZRTOS-H7_V2.1.0, X-CUBE-AZRTOS-L4_V1.0.0, X-CUBE-AZRTOS-L5_V1.0.0, X-CUBE-AZRTOS-WL_V1.0.0, X-CUBE-BLE1_V6.2.3, X-CUBE-BLE2_V3.3.0, X-CUBE-EEPRMA1_V3.1.1, X-CUBE-GNSS1_V6.0.0, X-CUBE-MEMS1_V9.1.0, X-CUBE-MEMS1_V9.3.0, X-CUBE-NFC4_V2.0.4, X-CUBE-NFC7_V1.0.0, X-CUBE-SFXS2LP1_V4.0.0, X-CUBE-SUBG2_V5.0.0]
2022-09-24 06:15:22,212 [INFO] ApiDb:239 - Found 138 in-development CPN: [B-WB1M-WPAN1, NUCLEO-C031C6, STEVAL-STWINBX1, STM320518-EVAL, STM32C0116-DK, STM32C011D6Y3TR, STM32C011D6Y6TR, STM32C011F4P3, STM32C011F4P6, STM32C011F4U3, STM32C011F4U6TR, STM32C011F6P3, STM32C011F6P6, STM32C011F6U3, STM32C011F6U6TR, STM32C011J4M3, STM32C011J4M6, STM32C011J6M3, STM32C011J6M6, STM32C0316-DK, STM32C031C4T3, STM32C031C4T6, STM32C031C4U3, STM32C031C4U6, STM32C031C6T3, STM32C031C6T6, STM32C031C6U3, STM32C031C6U6, STM32C031F4P3, STM32C031F4P6, STM32C031F6P3, STM32C031F6P6, STM32C031G4U3, STM32C031G4U6, STM32C031G6U3, STM32C031G6U6, STM32C031K4T3, STM32C031K4T6, STM32C031K4U3, STM32C031K4U6, STM32C031K6T3, STM32C031K6T6, STM32C031K6U3, STM32C031K6U6, STM32G071K8TXN, STM32G071K8UXN, STM32G081GBU6N, STM32G081KBT6N, STM32G081KBUXN, STM32G0B1CCT6N, STM32G0B1KCT6, STM32G0B1NEY6TR, STM32G0B1RCT6N, STM32G0C1CCT6, STM32G0C1CCT6N, STM32G0C1CCU6N, STM32G0C1CET6N, STM32G0C1CEU6N, STM32G0C1KCT6, STM32G0C1NEY6TR, STM32G0C1RCI6N, STM32G0C1RCT6N, STM32G0C1REI6N, STM32G0C1RET6N, STM32G0C1VCI6, STM32G0C1VEI6, STM32G471CCT6, STM32G471CCU6, STM32G471CET3, STM32G471CET6, STM32G471CEU3, STM32G471CEU6, STM32G471MCT6, STM32G471MET3, STM32G471MET6, STM32G471MEY6TR, STM32G471QCT6, STM32G471QET3, STM32G471RCT6, STM32G471RET3, STM32G471RET6, STM32G471VCH6, STM32G471VCI6, STM32G471VCT6, STM32G471VEH3, STM32G471VEH6, STM32G471VEI3, STM32G471VEI6, STM32G471VET3, STM32G471VET6, STM32G474CCT6, STM32L476VGY6PTR, STM32L4R5QGI6STR, STM32MP131AAE3, STM32MP131AAF3, STM32MP131AAG3, STM32MP131CAE3, STM32MP131CAF3, STM32MP131CAG3, STM32MP131DAE7, STM32MP131DAF7, STM32MP131DAG7, STM32MP131FAE7, STM32MP131FAF7, STM32MP131FAG7, STM32MP133AAE3, STM32MP133AAF3, STM32MP133AAG3, STM32MP133CAE3, STM32MP133CAF3, STM32MP133CAG3, STM32MP133DAE7, STM32MP133DAF7, STM32MP133DAG7, STM32MP133FAE7, STM32MP133FAF7, STM32MP133FAG7, STM32MP135AAE3, STM32MP135AAF3, STM32MP135AAG3, STM32MP135CAE3, STM32MP135CAF3, STM32MP135CAG3, STM32MP135DAE7, STM32MP135DAF7, STM32MP135DAG7, STM32MP135F-DK, STM32MP135FAE7, STM32MP135FAF7, STM32MP135FAG7, STM32U595ZJT6Q, STM32U599BJY6QTR, STM32U599NIH6Q, STM32U599NJH6Q, STM32U5A5ZJT6Q, STM32U5A9BJY6QTR, STM32U5A9NJH6Q, STM32WB1MMCH6]
2022-09-24 06:15:22,218 [INFO] DbMcus:215 - Found 3542 MCUs, 3542 are supported
2022-09-24 06:15:22,243 [INFO] ApiDb:409 - User favorites file not found: C:\Users\ACER/.stm32cubeide/favorites.mcus.txt
2022-09-24 06:15:22,244 [INFO] DbMcus:221 - Set 0 / 0 favorites MCUs
2022-09-24 06:15:22,247 [INFO] ApiDb:663 - CubeFinder database Data Model version=2.1
2022-09-24 06:15:22,247 [INFO] ApiDb:664 - CubeFinder database Configuration version=3.0.32
2022-09-24 06:15:22,247 [INFO] ApiDb:665 - CubeFinder database generation date=2022-08-05 (1659688109)
2022-09-24 06:15:22,247 [INFO] ApiDb:666 - CubeFinder database FW Pack versions=[STM32Cube_FW_C0_V1.0.0, STM32Cube_FW_F4_V1.27.1, STM32Cube_FW_F7_V1.17.0, STM32Cube_FW_G0_V1.6.1, STM32Cube_FW_G4_V1.5.0, STM32Cube_FW_H7_V1.10.0, STM32Cube_FW_L5_V1.4.0, STM32Cube_FW_U5_V1.1.1, STM32Cube_FW_WB_V1.14.1, STM32Cube_FW_WL_V1.2.0, X-CUBE-ALGOBUILD_V1.3.0, X-CUBE-ALS_V1.0.1, X-CUBE-AZRTOS-F4_V1.1.0, X-CUBE-AZRTOS-F7_V1.1.0, X-CUBE-AZRTOS-G0_V1.1.0, X-CUBE-AZRTOS-G4_V1.0.0, X-CUBE-AZRTOS-H7_V2.1.0, X-CUBE-AZRTOS-L4_V1.0.0, X-CUBE-AZRTOS-L5_V1.0.0, X-CUBE-AZRTOS-WL_V1.0.0, X-CUBE-BLE1_V6.2.3, X-CUBE-BLE2_V3.3.0, X-CUBE-EEPRMA1_V3.1.1, X-CUBE-GNSS1_V6.0.0, X-CUBE-MEMS1_V9.1.0, X-CUBE-MEMS1_V9.3.0, X-CUBE-NFC4_V2.0.4, X-CUBE-NFC7_V1.0.0, X-CUBE-SFXS2LP1_V4.0.0, X-CUBE-SUBG2_V5.0.0]
2022-09-24 06:15:22,296 [INFO] DbBoardsSqlite:227 - include board P-NUCLEO-WB55-NUCLEO as a kit item of type 'Nucleo-64'
2022-09-24 06:15:22,296 [INFO] DbBoardsSqlite:227 - include board P-NUCLEO-WB55-USBDONGLE as a kit item of type 'Nucleo USB Dongle'
2022-09-24 06:15:22,296 [INFO] DbBoardsSqlite:227 - include board STEVAL-IDP005V1 as a kit item of type 'Evaluation Board'
2022-09-24 06:15:22,296 [INFO] DbBoardsSqlite:227 - include board STEVAL-IDP005V2 as a kit item of type 'Evaluation Board'
2022-09-24 06:15:22,307 [INFO] ApiDb:239 - Found 138 in-development CPN: [B-WB1M-WPAN1, NUCLEO-C031C6, STEVAL-STWINBX1, STM320518-EVAL, STM32C0116-DK, STM32C011D6Y3TR, STM32C011D6Y6TR, STM32C011F4P3, STM32C011F4P6, STM32C011F4U3, STM32C011F4U6TR, STM32C011F6P3, STM32C011F6P6, STM32C011F6U3, STM32C011F6U6TR, STM32C011J4M3, STM32C011J4M6, STM32C011J6M3, STM32C011J6M6, STM32C0316-DK, STM32C031C4T3, STM32C031C4T6, STM32C031C4U3, STM32C031C4U6, STM32C031C6T3, STM32C031C6T6, STM32C031C6U3, STM32C031C6U6, STM32C031F4P3, STM32C031F4P6, STM32C031F6P3, STM32C031F6P6, STM32C031G4U3, STM32C031G4U6, STM32C031G6U3, STM32C031G6U6, STM32C031K4T3, STM32C031K4T6, STM32C031K4U3, STM32C031K4U6, STM32C031K6T3, STM32C031K6T6, STM32C031K6U3, STM32C031K6U6, STM32G071K8TXN, STM32G071K8UXN, STM32G081GBU6N, STM32G081KBT6N, STM32G081KBUXN, STM32G0B1CCT6N, STM32G0B1KCT6, STM32G0B1NEY6TR, STM32G0B1RCT6N, STM32G0C1CCT6, STM32G0C1CCT6N, STM32G0C1CCU6N, STM32G0C1CET6N, STM32G0C1CEU6N, STM32G0C1KCT6, STM32G0C1NEY6TR, STM32G0C1RCI6N, STM32G0C1RCT6N, STM32G0C1REI6N, STM32G0C1RET6N, STM32G0C1VCI6, STM32G0C1VEI6, STM32G471CCT6, STM32G471CCU6, STM32G471CET3, STM32G471CET6, STM32G471CEU3, STM32G471CEU6, STM32G471MCT6, STM32G471MET3, STM32G471MET6, STM32G471MEY6TR, STM32G471QCT6, STM32G471QET3, STM32G471RCT6, STM32G471RET3, STM32G471RET6, STM32G471VCH6, STM32G471VCI6, STM32G471VCT6, STM32G471VEH3, STM32G471VEH6, STM32G471VEI3, STM32G471VEI6, STM32G471VET3, STM32G471VET6, STM32G474CCT6, STM32L476VGY6PTR, STM32L4R5QGI6STR, STM32MP131AAE3, STM32MP131AAF3, STM32MP131AAG3, STM32MP131CAE3, STM32MP131CAF3, STM32MP131CAG3, STM32MP131DAE7, STM32MP131DAF7, STM32MP131DAG7, STM32MP131FAE7, STM32MP131FAF7, STM32MP131FAG7, STM32MP133AAE3, STM32MP133AAF3, STM32MP133AAG3, STM32MP133CAE3, STM32MP133CAF3, STM32MP133CAG3, STM32MP133DAE7, STM32MP133DAF7, STM32MP133DAG7, STM32MP133FAE7, STM32MP133FAF7, STM32MP133FAG7, STM32MP135AAE3, STM32MP135AAF3, STM32MP135AAG3, STM32MP135CAE3, STM32MP135CAF3, STM32MP135CAG3, STM32MP135DAE7, STM32MP135DAF7, STM32MP135DAG7, STM32MP135F-DK, STM32MP135FAE7, STM32MP135FAF7, STM32MP135FAG7, STM32U595ZJT6Q, STM32U599BJY6QTR, STM32U599NIH6Q, STM32U599NJH6Q, STM32U5A5ZJT6Q, STM32U5A9BJY6QTR, STM32U5A9NJH6Q, STM32WB1MMCH6]
2022-09-24 06:15:22,474 [INFO] BoardInfo:879 - No configuration file found for board P-NUCLEO-WB55
2022-09-24 06:15:22,475 [INFO] DbBoards:156 - Kit is not supported: P-NUCLEO-WB55
2022-09-24 06:15:22,479 [INFO] BoardInfo:879 - No configuration file found for board STEVAL-BFA001V1B
2022-09-24 06:15:22,479 [INFO] DbBoards:156 - Kit is not supported: STEVAL-BFA001V1B
2022-09-24 06:15:22,480 [INFO] BoardInfo:879 - No configuration file found for board STEVAL-BFA001V2B
2022-09-24 06:15:22,480 [INFO] DbBoards:156 - Kit is not supported: STEVAL-BFA001V2B
2022-09-24 06:15:22,811 [INFO] DbBoards:160 - Found 176 boards, 173 are supported
2022-09-24 06:15:22,818 [INFO] ApiDb:409 - User favorites file not found: C:\Users\ACER/.stm32cubeide/favorites.boards.txt
2022-09-24 06:15:22,818 [INFO] DbBoards:189 - Set 0 / 0 favorites Boards
2022-09-24 06:15:22,821 [INFO] ApiDb:663 - CubeFinder database Data Model version=2.1
2022-09-24 06:15:22,821 [INFO] ApiDb:664 - CubeFinder database Configuration version=3.0.32
2022-09-24 06:15:22,822 [INFO] ApiDb:665 - CubeFinder database generation date=2022-08-05 (1659688109)
2022-09-24 06:15:22,822 [INFO] ApiDb:666 - CubeFinder database FW Pack versions=[STM32Cube_FW_C0_V1.0.0, STM32Cube_FW_F4_V1.27.1, STM32Cube_FW_F7_V1.17.0, STM32Cube_FW_G0_V1.6.1, STM32Cube_FW_G4_V1.5.0, STM32Cube_FW_H7_V1.10.0, STM32Cube_FW_L5_V1.4.0, STM32Cube_FW_U5_V1.1.1, STM32Cube_FW_WB_V1.14.1, STM32Cube_FW_WL_V1.2.0, X-CUBE-ALGOBUILD_V1.3.0, X-CUBE-ALS_V1.0.1, X-CUBE-AZRTOS-F4_V1.1.0, X-CUBE-AZRTOS-F7_V1.1.0, X-CUBE-AZRTOS-G0_V1.1.0, X-CUBE-AZRTOS-G4_V1.0.0, X-CUBE-AZRTOS-H7_V2.1.0, X-CUBE-AZRTOS-L4_V1.0.0, X-CUBE-AZRTOS-L5_V1.0.0, X-CUBE-AZRTOS-WL_V1.0.0, X-CUBE-BLE1_V6.2.3, X-CUBE-BLE2_V3.3.0, X-CUBE-EEPRMA1_V3.1.1, X-CUBE-GNSS1_V6.0.0, X-CUBE-MEMS1_V9.1.0, X-CUBE-MEMS1_V9.3.0, X-CUBE-NFC4_V2.0.4, X-CUBE-NFC7_V1.0.0, X-CUBE-SFXS2LP1_V4.0.0, X-CUBE-SUBG2_V5.0.0]
2022-09-24 06:15:23,857 [INFO] DbExamplesSqlite:374 - Ignored 31 examples not supported by CubeIDE
2022-09-24 06:15:23,857 [INFO] DbExamplesSqlite:375 - Found 6197 examples active
2022-09-24 06:15:23,857 [INFO] DbExamplesSqlite:376 - Found 89 examples obsolete
2022-09-24 06:15:23,858 [INFO] DbExamplesSqlite:377 - Found 0 examples under development
2022-09-24 06:15:23,858 [INFO] DbExamplesSqlite:378 - Found 76 examples not building
2022-09-24 06:15:23,860 [INFO] DbExamples:124 - Found 6242 examples
2022-09-24 06:15:23,876 [INFO] DbExamples:221 - Found 77 boards with related examples
2022-09-24 06:15:23,878 [INFO] DbExamples:234 - Found 64 MCUs with related examples
2022-09-24 06:15:23,898 [INFO] ApiDb:409 - User favorites file not found: C:\Users\ACER/.stm32cubeide/favorites.examples.txt
2022-09-24 06:15:23,899 [INFO] DbExamples:249 - Set 0 / 0 favorites Examples
2022-09-24 06:15:24,953 [INFO] McuFinderGlobals:57 - Set McuFinderConnectedMode to true
2022-09-24 06:15:24,961 [INFO] MultiScanPanel:195 - Auto-refresh data requested => check proxy status ongoing
2022-09-24 06:15:24,964 [INFO] FinderPluginLoader:92 - Searching for filters in installed packs
2022-09-24 06:15:27,657 [INFO] LoadUrlFilesThread:177 - End of LoadServerUrlFiles without Thread
2022-09-24 06:15:27,721 [INFO] DetailPanel:339 - Set advertising image to C:/Users/ACER/STM32Cube/Repository/\en.Prom_NBSTM32U50921.jpg
2022-09-24 06:15:41,098 [INFO] MultiScanPanel:195 - Auto-refresh data requested => check proxy status ongoing
2022-09-24 06:15:41,247 [INFO] LoadUrlFilesThread:177 - End of LoadServerUrlFiles without Thread
2022-09-24 06:15:41,247 [INFO] DetailPanel:339 - Set advertising image to C:/Users/ACER/STM32Cube/Repository/\en.Prom_NBSTM32U50921.jpg
2022-09-24 06:15:41,261 [INFO] DbBoards:628 - Loading board mini-images...
2022-09-24 06:15:41,539 [ERROR] DbBoards:648 - No image file defined for board B-WB1M-WPAN1
2022-09-24 06:15:41,539 [ERROR] DbBoards:648 - No image file defined for board NUCLEO-C031C6
2022-09-24 06:15:44,187 [ERROR] DbBoards:648 - No image file defined for board STEVAL-STWINBX1
2022-09-24 06:15:44,326 [ERROR] DbBoards:648 - No image file defined for board STM32091C-EVAL
2022-09-24 06:15:44,326 [ERROR] DbBoards:648 - No image file defined for board STM32100E-EVAL
2022-09-24 06:15:44,326 [ERROR] DbBoards:648 - No image file defined for board STM3210C-EVAL
2022-09-24 06:15:44,404 [ERROR] DbBoards:648 - No image file defined for board STM3221G-EVAL
2022-09-24 06:15:44,405 [ERROR] DbBoards:648 - No image file defined for board STM32303C-EVAL
2022-09-24 06:15:44,786 [ERROR] DbBoards:648 - No image file defined for board STM32479I-EVAL
2022-09-24 06:15:44,787 [ERROR] DbBoards:648 - No image file defined for board STM32746G-EVAL2
2022-09-24 06:15:44,815 [ERROR] DbBoards:648 - No image file defined for board STM32C0116-DK
2022-09-24 06:15:44,815 [ERROR] DbBoards:648 - No image file defined for board STM32C0316-DK
2022-09-24 06:15:44,922 [ERROR] DbBoards:648 - No image file defined for board STM32F401C-DISCO
2022-09-24 06:15:45,314 [ERROR] DbBoards:648 - No image file defined for board STM32F7308-DK
2022-09-24 06:15:45,454 [ERROR] DbBoards:648 - No image file defined for board STM32F779I-EVAL
2022-09-24 06:15:45,737 [ERROR] DbBoards:648 - No image file defined for board STM32H747I-EVAL
2022-09-24 06:15:45,810 [ERROR] DbBoards:648 - No image file defined for board STM32L-DISCOVERY
2022-09-24 06:15:45,926 [ERROR] DbBoards:648 - No image file defined for board STM32L152D-EVAL
2022-09-24 06:15:46,359 [ERROR] DbBoards:648 - No image file defined for board STM32MP135F-DK
2022-09-24 06:15:46,758 [INFO] DbBoards:651 - Loaded 157 board mini-images
2022-09-24 06:18:56,020 [INFO] MainUpdater:2768 - connection check result : 10
2022-09-24 06:18:56,020 [INFO] MainUpdater:2768 - connection check result : 10
2022-09-24 06:18:56,092 [INFO] MicroXplorer:451 - Change Database Path : 
2022-09-24 06:18:56,093 [INFO] MicroXplorer:481 - Change Database Version : DB.6.0.60
2022-09-24 06:18:56,093 [WARN] ThirdParty:827 - waiting for thirdparty lock release [close project]
2022-09-24 06:18:56,094 [INFO] ThirdParty:829 - entering critical section [close project]
2022-09-24 06:18:56,099 [INFO] ThirdParty:839 - exiting critical section [close project]
2022-09-24 06:18:56,102 [INFO] PinOutPanel:1468 - setPackage(No Configuration,No Configuration)
2022-09-24 06:18:56,106 [INFO] UtilMem:74 - Begin LoadConfig() Used Memory: 317979832 Bytes (403701760)
2022-09-24 06:18:56,107 [INFO] MicroXplorer:451 - Change Database Path : 
2022-09-24 06:18:56,107 [INFO] MicroXplorer:481 - Change Database Version : DB.6.0.60
2022-09-24 06:18:56,107 [INFO] OpenFileManager:307 - Change cursor
2022-09-24 06:18:56,198 [WARN] IntegrityCheckThread:82 - waiting for thirdparty lock release [integrity check]
2022-09-24 06:18:56,198 [INFO] IntegrityCheckThread:84 - entering critical section [integrity check]
2022-09-24 06:18:57,531 [WARN] PackLoader:242 - Cannot read IP mode file for STMicroelectronics.X-CUBE-GNSS1.6.0.0
2022-09-24 06:18:57,746 [WARN] PackLoader:242 - Cannot read IP mode file for STMicroelectronics.X-CUBE-AZRTOS-F4.1.1.0
2022-09-24 06:18:57,776 [WARN] PackLoader:242 - Cannot read IP mode file for STMicroelectronics.X-CUBE-AZRTOS-F7.1.1.0
2022-09-24 06:18:57,809 [WARN] PackLoader:242 - Cannot read IP mode file for STMicroelectronics.X-CUBE-BLE1.6.2.3
2022-09-24 06:18:57,820 [WARN] PackLoader:242 - Cannot read IP mode file for STMicroelectronics.X-CUBE-NFC4.2.0.4
2022-09-24 06:18:57,870 [WARN] PackLoader:242 - Cannot read IP mode file for STMicroelectronics.X-CUBE-TOF1.3.1.0
2022-09-24 06:18:57,892 [WARN] PackLoader:242 - Cannot read IP mode file for wolfSSL.I-CUBE-wolfSSL.5.5.0
2022-09-24 06:18:57,897 [WARN] PackLoader:242 - Cannot read IP mode file for STMicroelectronics.X-CUBE-NFC7.1.0.0
2022-09-24 06:18:57,975 [WARN] PackLoader:242 - Cannot read IP mode file for STMicroelectronics.X-CUBE-MEMS1.9.3.0
2022-09-24 06:18:58,237 [WARN] PackLoader:242 - Cannot read IP mode file for STMicroelectronics.X-CUBE-AI.7.2.0
2022-09-24 06:18:58,261 [WARN] PackLoader:242 - Cannot read IP mode file for STMicroelectronics.X-CUBE-SFXS2LP1.4.0.0
2022-09-24 06:18:58,286 [WARN] PackLoader:242 - Cannot read IP mode file for STMicroelectronics.X-CUBE-BLE2.3.3.0
2022-09-24 06:18:58,318 [WARN] PackLoader:242 - Cannot read IP mode file for STMicroelectronics.X-CUBE-DISPLAY.2.2.0
2022-09-24 06:18:58,347 [WARN] PackLoader:242 - Cannot read IP mode file for STMicroelectronics.X-CUBE-ISPU.1.0.0
2022-09-24 06:18:58,384 [WARN] PackLoader:242 - Cannot read IP mode file for RoweBots.I-CUBE-UNISONRTOS.5.5.0-4
2022-09-24 06:18:58,414 [WARN] PackLoader:242 - Cannot read IP mode file for STMicroelectronics.X-CUBE-AZRTOS-H7.2.1.0
2022-09-24 06:18:58,454 [WARN] PackLoader:242 - Cannot read IP mode file for STMicroelectronics.X-CUBE-BLEMGR.1.0.0
2022-09-24 06:18:58,483 [WARN] PackLoader:242 - Cannot read IP mode file for STMicroelectronics.X-CUBE-ALGOBUILD.1.3.0
2022-09-24 06:18:58,524 [WARN] PackLoader:242 - Cannot read IP mode file for STMicroelectronics.X-CUBE-AZRTOS-G0.1.1.0
2022-09-24 06:18:58,539 [WARN] PackLoader:242 - Cannot read IP mode file for STMicroelectronics.X-CUBE-SUBG2.5.0.0
2022-09-24 06:18:58,646 [WARN] PackLoader:242 - Cannot read IP mode file for SEGGER.I-CUBE-embOS.1.2.0
2022-09-24 06:18:58,692 [WARN] PackLoader:242 - Cannot read IP mode file for STMicroelectronics.FP-ATR-ASTRA1.1.1.1
2022-09-24 06:18:58,738 [WARN] PackLoader:242 - Cannot read IP mode file for STMicroelectronics.X-CUBE-AZRTOS-G4.1.0.0
2022-09-24 06:18:58,768 [WARN] PackLoader:242 - Cannot read IP mode file for STMicroelectronics.X-CUBE-AZRTOS-L4.1.0.0
2022-09-24 06:18:58,794 [WARN] PackLoader:242 - Cannot read IP mode file for emotas.I-CUBE-CANOPEN.1.1.2
2022-09-24 06:18:58,822 [WARN] PackLoader:242 - Cannot read IP mode file for STMicroelectronics.X-CUBE-TOUCHGFX.4.20.0
2022-09-24 06:18:58,860 [WARN] PackLoader:242 - Cannot read IP mode file for STMicroelectronics.X-CUBE-AZRTOS-WL.1.0.0
2022-09-24 06:18:58,867 [WARN] PackLoader:242 - Cannot read IP mode file for portGmbH.I-Cube-SoM-uGOAL.1.1.0
2022-09-24 06:18:58,887 [WARN] PackLoader:242 - Cannot read IP mode file for STMicroelectronics.X-CUBE-ALS.1.0.1
2022-09-24 06:18:58,942 [WARN] PackLoader:242 - Cannot read IP mode file for STMicroelectronics.X-CUBE-AZRTOS-L5.1.0.0
2022-09-24 06:18:58,979 [WARN] PackLoader:242 - Cannot read IP mode file for STMicroelectronics.X-CUBE-EEPRMA1.3.1.1
2022-09-24 06:18:58,980 [INFO] ThirdParty:929 - Integrity check success = true
2022-09-24 06:18:58,980 [INFO] IntegrityCheckThread:98 - exiting critical section [integrity check]
2022-09-24 06:18:58,980 [INFO] IntegrityCheckThread:101 - End integrity checks thread
2022-09-24 06:18:59,296 [INFO] Mcu:1922 - Initializing MCU STM32F103C6Tx STM32F103C6Tx 
2022-09-24 06:18:59,296 [INFO] Mcu:1935 - No CPN specified => set CPN to STM32F103C6T6A
2022-09-24 06:19:00,654 [INFO] Context:654 - Trying to add GPIOservice into a context  which must be forbidden
2022-09-24 06:19:01,006 [INFO] ImportTextPane:193 - (OptionalMessage_ERROR) Unable to find key (Mcu.ThirdPartyNb) in loaded IOC file
2022-09-24 06:19:01,006 [INFO] ImportTextPane:193 - (OptionalMessage_ERROR) Unable to find key (Mcu.PinsNb) in loaded IOC file
2022-09-24 06:19:01,006 [INFO] ImportTextPane:193 - (OptionalMessage_ERROR) Unable to find key (Mcu.IPNb) in loaded IOC file
2022-09-24 06:19:01,074 [WARN] ApiManager:308 - Cannot register API 'Board Extension:GNSS1A1' from pack STMicroelectronics.X-CUBE-GNSS1.6.0.0: no header file found
2022-09-24 06:19:01,074 [WARN] ApiManager:308 - Cannot register API 'Board Support:Custom' from pack STMicroelectronics.X-CUBE-GNSS1.6.0.0: no header file found
2022-09-24 06:19:01,074 [WARN] ApiManager:308 - Cannot register API 'Data Exchange:lib_gnss' from pack STMicroelectronics.X-CUBE-GNSS1.6.0.0: no header file found
2022-09-24 06:19:01,113 [WARN] ApiManager:308 - Cannot register API 'Wireless:BlueNRG-MS' from pack STMicroelectronics.X-CUBE-BLE1.6.2.3: no header file found
2022-09-24 06:19:01,117 [INFO] RtosManager:488 - Registered RTOS mode: class=CMSIS, group=RTOS, mode=CMSIS_V1, owner=FREERTOS
2022-09-24 06:19:01,118 [INFO] RtosManager:488 - Registered RTOS mode: class=CMSIS, group=RTOS2, mode=CMSIS_V2, owner=FREERTOS
2022-09-24 06:19:01,118 [INFO] RtosManager:488 - Registered RTOS mode: class=RTOS, group=Core, mode=CMSIS_V1, owner=FREERTOS
2022-09-24 06:19:01,118 [INFO] RtosManager:488 - Registered RTOS mode: class=RTOS, group=Core, mode=CMSIS_V2, owner=FREERTOS
2022-09-24 06:19:01,119 [WARN] ModelIntegratedComponent:185 - Missing modes for component STMicroelectronics:FreeRTOS:0.0.1:STMicroelectronics:RTOS:FreeRTOS:Core:::10.2.0:
2022-09-24 06:19:01,128 [WARN] ApiManager:308 - Cannot register API 'Board Extension:S2868A1' from pack STMicroelectronics.X-CUBE-SUBG2.5.0.0: no header file found
2022-09-24 06:19:01,128 [WARN] ApiManager:308 - Cannot register API 'Board Extension:S2868A2' from pack STMicroelectronics.X-CUBE-SUBG2.5.0.0: no header file found
2022-09-24 06:19:01,128 [WARN] ApiManager:308 - Cannot register API 'Board Extension:S2915A1' from pack STMicroelectronics.X-CUBE-SUBG2.5.0.0: no header file found
2022-09-24 06:19:01,136 [WARN] ApiManager:308 - Cannot register API 'Board Extension:NFC04A1' from pack STMicroelectronics.X-CUBE-NFC4.2.0.4: no header file found
2022-09-24 06:19:01,146 [WARN] ModelIntegratedComponent:64 - No mode defined for component null
2022-09-24 06:19:01,146 [WARN] ModelIntegratedComponent:64 - No mode defined for component null
2022-09-24 06:19:01,147 [WARN] ModelIntegratedComponent:64 - No mode defined for component null
2022-09-24 06:19:01,147 [WARN] ModelIntegratedComponent:64 - No mode defined for component null
2022-09-24 06:19:01,147 [WARN] ModelIntegratedComponent:64 - No mode defined for component null
2022-09-24 06:19:01,147 [WARN] ModelIntegratedComponent:64 - No mode defined for component null
2022-09-24 06:19:01,147 [WARN] ModelIntegratedComponent:64 - No mode defined for component null
2022-09-24 06:19:01,147 [WARN] ModelIntegratedComponent:64 - No mode defined for component null
2022-09-24 06:19:01,147 [WARN] ModelIntegratedComponent:64 - No mode defined for component null
2022-09-24 06:19:01,147 [WARN] ModelIntegratedComponent:64 - No mode defined for component null
2022-09-24 06:19:01,147 [WARN] ModelIntegratedComponent:64 - No mode defined for component null
2022-09-24 06:19:01,147 [WARN] ModelIntegratedComponent:64 - No mode defined for component null
2022-09-24 06:19:01,147 [WARN] ModelIntegratedComponent:64 - No mode defined for component null
2022-09-24 06:19:01,148 [WARN] ModelIntegratedComponent:64 - No mode defined for component null
2022-09-24 06:19:01,148 [WARN] ModelIntegratedComponent:64 - No mode defined for component null
2022-09-24 06:19:01,148 [WARN] ModelIntegratedComponent:64 - No mode defined for component null
2022-09-24 06:19:01,148 [WARN] ModelIntegratedComponent:64 - No mode defined for component null
2022-09-24 06:19:01,148 [WARN] ModelIntegratedComponent:64 - No mode defined for component null
2022-09-24 06:19:01,148 [WARN] ModelIntegratedComponent:64 - No mode defined for component null
2022-09-24 06:19:01,148 [WARN] ModelIntegratedComponent:64 - No mode defined for component null
2022-09-24 06:19:01,148 [WARN] ModelIntegratedComponent:64 - No mode defined for component null
2022-09-24 06:19:01,148 [WARN] ModelIntegratedComponent:64 - No mode defined for component null
2022-09-24 06:19:01,148 [WARN] ModelIntegratedComponent:64 - No mode defined for component null
2022-09-24 06:19:01,148 [WARN] ModelIntegratedComponent:64 - No mode defined for component null
2022-09-24 06:19:01,148 [WARN] ModelIntegratedComponent:64 - No mode defined for component null
2022-09-24 06:19:01,149 [WARN] ModelIntegratedComponent:64 - No mode defined for component null
2022-09-24 06:19:01,149 [WARN] ModelIntegratedComponent:64 - No mode defined for component null
2022-09-24 06:19:01,149 [WARN] ModelIntegratedComponent:64 - No mode defined for component null
2022-09-24 06:19:01,149 [WARN] ModelIntegratedComponent:64 - No mode defined for component null
2022-09-24 06:19:01,149 [WARN] ModelIntegratedComponent:64 - No mode defined for component null
2022-09-24 06:19:01,149 [WARN] ModelIntegratedComponent:64 - No mode defined for component null
2022-09-24 06:19:01,149 [WARN] ModelIntegratedComponent:64 - No mode defined for component null
2022-09-24 06:19:01,149 [WARN] ModelIntegratedComponent:64 - No mode defined for component null
2022-09-24 06:19:01,152 [WARN] ApiManager:308 - Cannot register API 'Board Extension:NFC07A1' from pack STMicroelectronics.X-CUBE-NFC7.1.0.0: no header file found
2022-09-24 06:19:01,242 [WARN] ApiManager:308 - Cannot register API 'Board Extension:IKS01A3' from pack STMicroelectronics.X-CUBE-MEMS1.9.3.0: no header file found
2022-09-24 06:19:01,242 [WARN] ApiManager:308 - Cannot register API 'Board Extension:IKS01A2' from pack STMicroelectronics.X-CUBE-MEMS1.9.3.0: no header file found
2022-09-24 06:19:01,242 [WARN] ApiManager:308 - Cannot register API 'Board Extension:IKS02A1' from pack STMicroelectronics.X-CUBE-MEMS1.9.3.0: no header file found
2022-09-24 06:19:01,272 [WARN] ApiManager:308 - Cannot register API 'Board Extension:EEPRMA1' from pack STMicroelectronics.X-CUBE-EEPRMA1.3.1.1: no header file found
2022-09-24 06:19:01,272 [WARN] ApiManager:308 - Cannot register API 'Board Extension:EEPRMA2' from pack STMicroelectronics.X-CUBE-EEPRMA1.3.1.1: no header file found
2022-09-24 06:19:01,273 [WARN] ApiManager:308 - Cannot register API 'Board Extension:S2868A1' from pack STMicroelectronics.X-CUBE-SFXS2LP1.4.0.0: no header file found
2022-09-24 06:19:01,273 [WARN] ApiManager:308 - Cannot register API 'Board Extension:S2868A2' from pack STMicroelectronics.X-CUBE-SFXS2LP1.4.0.0: no header file found
2022-09-24 06:19:01,273 [WARN] ApiManager:308 - Cannot register API 'Board Extension:S2915A1' from pack STMicroelectronics.X-CUBE-SFXS2LP1.4.0.0: no header file found
2022-09-24 06:19:01,273 [WARN] ApiManager:308 - Cannot register API 'Wireless:BlueNRG-2' from pack STMicroelectronics.X-CUBE-BLE2.3.3.0: no header file found
2022-09-24 06:19:01,280 [INFO] ThirdPartyModel:289 - Start build external matchings
2022-09-24 06:19:01,659 [INFO] ThirdPartyModel:302 - End build external matchings
2022-09-24 06:19:01,871 [INFO] UtilMem:74 - End LoadConfig() Used Memory: 325920504 Bytes (432013312)
2022-09-24 06:19:01,935 [WARN] ThirdParty:789 - waiting for thirdparty lock release [change project]
2022-09-24 06:19:01,936 [INFO] ThirdParty:791 - entering critical section [change project]
2022-09-24 06:19:01,936 [INFO] ThirdParty:981 - CMSIS Pack Vendor :RoweBots I-CUBE-UNISONRTOS 5.5.0-4
2022-09-24 06:19:01,936 [INFO] ThirdParty:981 - CMSIS Pack Vendor :STMicroelectronics X-CUBE-GNSS1 6.0.0
2022-09-24 06:19:01,936 [INFO] ThirdParty:981 - CMSIS Pack Vendor :STMicroelectronics X-CUBE-AZRTOS-H7 2.1.0
2022-09-24 06:19:01,936 [INFO] ThirdParty:981 - CMSIS Pack Vendor :STMicroelectronics USB_HOST 2.0.0
2022-09-24 06:19:01,936 [INFO] ThirdParty:981 - CMSIS Pack Vendor :STMicroelectronics X-CUBE-AZRTOS-F4 1.1.0
2022-09-24 06:19:01,936 [INFO] ThirdParty:981 - CMSIS Pack Vendor :STMicroelectronics LIBJPEG 8.0.0
2022-09-24 06:19:01,936 [INFO] ThirdParty:981 - CMSIS Pack Vendor :STMicroelectronics USB_DEVICE 3.0.0
2022-09-24 06:19:01,936 [INFO] ThirdParty:981 - CMSIS Pack Vendor :STMicroelectronics X-CUBE-BLEMGR 1.0.0
2022-09-24 06:19:01,936 [INFO] ThirdParty:981 - CMSIS Pack Vendor :STMicroelectronics X-CUBE-AZRTOS-F7 1.1.0
2022-09-24 06:19:01,936 [INFO] ThirdParty:981 - CMSIS Pack Vendor :STMicroelectronics USB_DEVICE 2.0.0
2022-09-24 06:19:01,937 [INFO] ThirdParty:981 - CMSIS Pack Vendor :STMicroelectronics X-CUBE-BLE1 6.2.3
2022-09-24 06:19:01,937 [INFO] ThirdParty:981 - CMSIS Pack Vendor :STMicroelectronics X-CUBE-ALGOBUILD 1.3.0
2022-09-24 06:19:01,937 [INFO] ThirdParty:981 - CMSIS Pack Vendor :STMicroelectronics FreeRTOS 0.0.1
2022-09-24 06:19:01,937 [INFO] ThirdParty:981 - CMSIS Pack Vendor :STMicroelectronics X-CUBE-AZRTOS-G0 1.1.0
2022-09-24 06:19:01,937 [INFO] ThirdParty:981 - CMSIS Pack Vendor :STMicroelectronics X-CUBE-SUBG2 5.0.0
2022-09-24 06:19:01,937 [INFO] ThirdParty:981 - CMSIS Pack Vendor :SEGGER I-CUBE-embOS 1.2.0
2022-09-24 06:19:01,937 [INFO] ThirdParty:981 - CMSIS Pack Vendor :STMicroelectronics STM32_WPAN 1.0.0
2022-09-24 06:19:01,937 [INFO] ThirdParty:981 - CMSIS Pack Vendor :STMicroelectronics lwIP 2.0.3
2022-09-24 06:19:01,937 [INFO] ThirdParty:981 - CMSIS Pack Vendor :STMicroelectronics X-CUBE-NFC4 2.0.4
2022-09-24 06:19:01,937 [INFO] ThirdParty:981 - CMSIS Pack Vendor :STMicroelectronics USB_HOST 1.0.0
2022-09-24 06:19:01,937 [INFO] ThirdParty:981 - CMSIS Pack Vendor :STMicroelectronics PDM2PCM 3.1.0
2022-09-24 06:19:01,937 [INFO] ThirdParty:981 - CMSIS Pack Vendor :STMicroelectronics FP-ATR-ASTRA1 1.1.1
2022-09-24 06:19:01,937 [INFO] ThirdParty:981 - CMSIS Pack Vendor :STMicroelectronics PDM2PCM 3.3.0
2022-09-24 06:19:01,937 [INFO] ThirdParty:981 - CMSIS Pack Vendor :STMicroelectronics X-CUBE-TOF1 3.1.0
2022-09-24 06:19:01,938 [INFO] ThirdParty:981 - CMSIS Pack Vendor :STMicroelectronics X-CUBE-AZRTOS-G4 1.0.0
2022-09-24 06:19:01,938 [INFO] ThirdParty:981 - CMSIS Pack Vendor :STMicroelectronics X-CUBE-AZRTOS-L4 1.0.0
2022-09-24 06:19:01,938 [INFO] ThirdParty:981 - CMSIS Pack Vendor :wolfSSL I-CUBE-wolfSSL 5.5.0
2022-09-24 06:19:01,938 [INFO] ThirdParty:981 - CMSIS Pack Vendor :STMicroelectronics HAL Drivers 0.0.0
2022-09-24 06:19:01,938 [INFO] ThirdParty:981 - CMSIS Pack Vendor :STMicroelectronics MBEDTLS 2.16.2
2022-09-24 06:19:01,938 [INFO] ThirdParty:981 - CMSIS Pack Vendor :emotas I-CUBE-CANOPEN 1.1.2
2022-09-24 06:19:01,938 [INFO] ThirdParty:981 - CMSIS Pack Vendor :STMicroelectronics X-CUBE-TOUCHGFX 4.20.0
2022-09-24 06:19:01,938 [INFO] ThirdParty:981 - CMSIS Pack Vendor :STMicroelectronics MBEDTLS 2.14.1
2022-09-24 06:19:01,938 [INFO] ThirdParty:981 - CMSIS Pack Vendor :STMicroelectronics X-CUBE-NFC7 1.0.0
2022-09-24 06:19:01,938 [INFO] ThirdParty:981 - CMSIS Pack Vendor :STMicroelectronics X-CUBE-AZRTOS-WL 1.0.0
2022-09-24 06:19:01,938 [INFO] ThirdParty:981 - CMSIS Pack Vendor :STMicroelectronics X-CUBE-MEMS1 9.3.0
2022-09-24 06:19:01,938 [INFO] ThirdParty:981 - CMSIS Pack Vendor :portGmbH I-Cube-SoM-uGOAL 1.1.0
2022-09-24 06:19:01,938 [INFO] ThirdParty:981 - CMSIS Pack Vendor :STMicroelectronics X-CUBE-ALS 1.0.1
2022-09-24 06:19:01,938 [INFO] ThirdParty:981 - CMSIS Pack Vendor :STMicroelectronics X-CUBE-AI 7.2.0
2022-09-24 06:19:01,938 [INFO] ThirdParty:981 - CMSIS Pack Vendor :STMicroelectronics ThreadX 1.0.0
2022-09-24 06:19:01,938 [INFO] ThirdParty:981 - CMSIS Pack Vendor :STMicroelectronics X-CUBE-AZRTOS-L5 1.0.0
2022-09-24 06:19:01,938 [INFO] ThirdParty:981 - CMSIS Pack Vendor :STMicroelectronics USB_DEVICE 1.0.0
2022-09-24 06:19:01,939 [INFO] ThirdParty:981 - CMSIS Pack Vendor :STMicroelectronics X-CUBE-EEPRMA1 3.1.1
2022-09-24 06:19:01,939 [INFO] ThirdParty:981 - CMSIS Pack Vendor :STMicroelectronics ThreadX 0.0.2
2022-09-24 06:19:01,939 [INFO] ThirdParty:981 - CMSIS Pack Vendor :STMicroelectronics lwIP 2.1.2
2022-09-24 06:19:01,939 [INFO] ThirdParty:981 - CMSIS Pack Vendor :STMicroelectronics X-CUBE-SFXS2LP1 4.0.0
2022-09-24 06:19:01,939 [INFO] ThirdParty:981 - CMSIS Pack Vendor :STMicroelectronics X-CUBE-BLE2 3.3.0
2022-09-24 06:19:01,939 [INFO] ThirdParty:981 - CMSIS Pack Vendor :STMicroelectronics X-CUBE-DISPLAY 2.2.0
2022-09-24 06:19:01,939 [INFO] ThirdParty:981 - CMSIS Pack Vendor :STMicroelectronics PDM2PCM 3.2.0
2022-09-24 06:19:01,939 [INFO] ThirdParty:981 - CMSIS Pack Vendor :STMicroelectronics X-CUBE-ISPU 1.0.0
2022-09-24 06:19:01,939 [INFO] ThirdParty:797 - exiting critical section [change project]
2022-09-24 06:19:02,309 [INFO] PinOutPanel:1468 - setPackage(No Configuration,No Configuration)
2022-09-24 06:19:02,311 [INFO] PinOutPanel:1468 - setPackage(STM32F103C6Tx,LQFP48)
2022-09-24 06:19:03,406 [INFO] UtilMem:74 - Before build in PCC Used Memory: 359666256 Bytes (458227712)
2022-09-24 06:19:04,747 [INFO] UtilMem:74 - After build in PCC Used Memory: 393436432 Bytes (458227712)
2022-09-24 06:19:04,784 [INFO] IPUIPlugin:79 - create IPUIPlugin
2022-09-24 06:19:04,785 [INFO] IPUIPlugin:79 - create IPUIPlugin
2022-09-24 06:19:04,785 [INFO] IPUIPlugin:79 - create IPUIPlugin
2022-09-24 06:19:04,785 [INFO] IPUIPlugin:79 - create IPUIPlugin
2022-09-24 06:19:04,786 [INFO] IPUIPlugin:79 - create IPUIPlugin
2022-09-24 06:19:04,786 [INFO] IPUIPlugin:79 - create IPUIPlugin
2022-09-24 06:19:04,786 [INFO] IPUIPlugin:79 - create IPUIPlugin
2022-09-24 06:19:04,786 [INFO] IPUIPlugin:79 - create IPUIPlugin
2022-09-24 06:19:04,786 [INFO] IPUIPlugin:79 - create IPUIPlugin
2022-09-24 06:19:04,786 [INFO] IPUIPlugin:79 - create IPUIPlugin
2022-09-24 06:19:04,786 [INFO] IPUIPlugin:79 - create IPUIPlugin
2022-09-24 06:19:04,786 [INFO] IPUIPlugin:79 - create IPUIPlugin
2022-09-24 06:19:04,786 [INFO] IPUIPlugin:79 - create IPUIPlugin
2022-09-24 06:19:04,786 [INFO] IPUIPlugin:79 - create IPUIPlugin
2022-09-24 06:19:04,787 [INFO] IPUIPlugin:79 - create IPUIPlugin
2022-09-24 06:19:04,787 [INFO] IPUIPlugin:79 - create IPUIPlugin
2022-09-24 06:19:04,788 [INFO] IPUIPlugin:79 - create IPUIPlugin
2022-09-24 06:19:04,788 [INFO] IPUIPlugin:79 - create IPUIPlugin
2022-09-24 06:19:04,788 [INFO] IPUIPlugin:79 - create IPUIPlugin
2022-09-24 06:19:04,788 [INFO] IPUIPlugin:79 - create IPUIPlugin
2022-09-24 06:19:04,789 [INFO] IPUIPlugin:79 - create IPUIPlugin
2022-09-24 06:19:04,789 [INFO] IPUIPlugin:79 - create IPUIPlugin
2022-09-24 06:19:04,790 [INFO] IPUIPlugin:79 - create IPUIPlugin
2022-09-24 06:19:05,287 [INFO] OpenFileManager:327 - Restore cursor
2022-09-24 06:19:22,045 [INFO] UtilMem:74 - End SaveConfig() Used Memory: 390464544 Bytes (458227712)
2022-09-24 06:19:23,482 [INFO] ServerAccessManage:474 - Download File stm32cube_fw_f1_v180.zip
2022-09-24 06:25:18,062 [ERROR] ServerAccessManage:541 - Timeout Exception during http download :Read timed out
2022-09-24 06:25:18,102 [ERROR] ServerAccessManage:652 - Problem, Http timeout : stm32cube_fw_f1_v180.zip.
2022-09-24 06:25:27,198 [INFO] LoadServerPackagesThread:190 - End of LoadServerPackages Thread
2022-09-24 06:25:27,428 [INFO] ThirdPartyModel:289 - Start build external matchings
2022-09-24 06:25:27,718 [INFO] ThirdPartyModel:302 - End build external matchings
2022-09-24 06:25:27,726 [INFO] CheckServerUpdateThread:119 - End of CheckServer Thread
2022-09-24 06:25:43,014 [INFO] McuFinderGlobals:57 - Set McuFinderConnectedMode to true
2022-09-24 06:25:43,016 [INFO] ApiDb:443 - Save user favorites file C:\Users\ACER/.stm32cubeide/favorites.mcus.txt: 0 item(s)
2022-09-24 06:25:43,021 [INFO] ApiDb:447 - User favorites MCUs=[]
2022-09-24 06:25:43,024 [INFO] ApiDb:443 - Save user favorites file C:\Users\ACER/.stm32cubeide/favorites.boards.txt: 0 item(s)
2022-09-24 06:25:43,025 [INFO] ApiDb:447 - User favorites Boards=[]
2022-09-24 06:30:40,443 [INFO] UtilMem:74 - End SaveConfig() Used Memory: 198116376 Bytes (498073600)
2022-09-24 06:30:42,516 [INFO] UtilMem:74 - End SaveConfig() Used Memory: 217614144 Bytes (498073600)
2022-09-24 06:30:48,000 [INFO] ServerAccessManage:474 - Download File stm32cube_fw_f1_v180.zip
2022-09-24 06:35:51,713 [ERROR] FileExtend:454 - File entry not found
2022-09-24 06:35:51,713 [INFO] FileExtend:239 - Unzip File : stm32cube_fw_f1_v180.zip
2022-09-24 06:35:51,714 [INFO] FileExtend:254 - Standard Zip Deflate
2022-09-24 06:36:14,521 [INFO] ServerAccessManage:474 - Download File stm32cube_fw_f1_v184.zip
2022-09-24 06:37:11,205 [INFO] FileExtend:239 - Unzip File : stm32cube_fw_f1_v184.zip
2022-09-24 06:37:11,207 [INFO] FileExtend:254 - Standard Zip Deflate
2022-09-24 06:37:17,707 [INFO] LoadServerPackagesThread:190 - End of LoadServerPackages Thread
2022-09-24 06:37:17,893 [INFO] ThirdPartyModel:289 - Start build external matchings
2022-09-24 06:37:17,903 [INFO] UtilMem:74 - End SaveConfig() Used Memory: 507303128 Bytes (639631360)
2022-09-24 06:37:18,155 [INFO] ThirdPartyModel:302 - End build external matchings
2022-09-24 06:37:18,162 [INFO] CheckServerUpdateThread:119 - End of CheckServer Thread
2022-09-24 06:37:18,813 [INFO] BlockDiagram:2753 - set Specific Code input for plugin: NVIC
2022-09-24 06:37:18,813 [INFO] BlockDiagram:2753 - set Specific Code input for plugin: GPIO
2022-09-24 06:37:18,814 [INFO] BlockDiagram:2753 - set Specific Code input for plugin: RCC
2022-09-24 06:37:18,815 [INFO] CodeGenerator:690 - code generatio: config db path: C:\ST\STM32CubeIDE_1.10.1\STM32CubeIDE\plugins\com.st.stm32cube.common.mx_6.6.1.202207061420\\db\
2022-09-24 06:37:19,216 [INFO] CodeEngine:245 - oldGeneratedFile, E:\VIVADO\Embedded_Systems\STM32\CUBEMX\Blink_project\BlinkSTM\MXTmpFiles\license.tmp_save
2022-09-24 06:37:19,937 [INFO] CodeEngine:269 - Generated code: E:\VIVADO\Embedded_Systems\STM32\CUBEMX\Blink_project\BlinkSTM\MXTmpFiles\license.tmp
2022-09-24 06:37:20,414 [INFO] CodeEngine:245 - oldGeneratedFile, E:\VIVADO\Embedded_Systems\STM32\CUBEMX\Blink_project\BlinkSTM\MXTmpFiles\gpio.tmp_save
2022-09-24 06:37:20,604 [INFO] CodeEngine:269 - Generated code: E:\VIVADO\Embedded_Systems\STM32\CUBEMX\Blink_project\BlinkSTM\MXTmpFiles\gpio.tmp
2022-09-24 06:37:20,637 [INFO] CodeEngine:245 - oldGeneratedFile, E:\VIVADO\Embedded_Systems\STM32\CUBEMX\Blink_project\BlinkSTM\Core\Src\stm32f1xx_it.c_save
2022-09-24 06:37:20,846 [INFO] CodeEngine:269 - Generated code: E:\VIVADO\Embedded_Systems\STM32\CUBEMX\Blink_project\BlinkSTM\Core\Src\stm32f1xx_it.c
2022-09-24 06:37:20,880 [INFO] CodeEngine:245 - oldGeneratedFile, E:\VIVADO\Embedded_Systems\STM32\CUBEMX\Blink_project\BlinkSTM\Core\Inc\stm32f1xx_it.h_save
2022-09-24 06:37:21,006 [INFO] CodeEngine:269 - Generated code: E:\VIVADO\Embedded_Systems\STM32\CUBEMX\Blink_project\BlinkSTM\Core\Inc\stm32f1xx_it.h
2022-09-24 06:37:21,118 [INFO] CodeEngine:245 - oldGeneratedFile, E:\VIVADO\Embedded_Systems\STM32\CUBEMX\Blink_project\BlinkSTM\Core\Src\stm32f1xx_hal_msp.c_save
2022-09-24 06:37:21,284 [INFO] CodeEngine:269 - Generated code: E:\VIVADO\Embedded_Systems\STM32\CUBEMX\Blink_project\BlinkSTM\Core\Src\stm32f1xx_hal_msp.c
2022-09-24 06:37:21,302 [INFO] CodeEngine:245 - oldGeneratedFile, E:\VIVADO\Embedded_Systems\STM32\CUBEMX\Blink_project\BlinkSTM\MXTmpFiles\system.tmp_save
2022-09-24 06:37:21,405 [INFO] CodeEngine:269 - Generated code: E:\VIVADO\Embedded_Systems\STM32\CUBEMX\Blink_project\BlinkSTM\MXTmpFiles\system.tmp
2022-09-24 06:37:21,434 [INFO] CodeEngine:245 - oldGeneratedFile, E:\VIVADO\Embedded_Systems\STM32\CUBEMX\Blink_project\BlinkSTM\Core\Inc\stm32f1xx_hal_conf.h_save
2022-09-24 06:37:21,556 [INFO] CodeEngine:269 - Generated code: E:\VIVADO\Embedded_Systems\STM32\CUBEMX\Blink_project\BlinkSTM\Core\Inc\stm32f1xx_hal_conf.h
2022-09-24 06:37:21,639 [INFO] CodeEngine:245 - oldGeneratedFile, E:\VIVADO\Embedded_Systems\STM32\CUBEMX\Blink_project\BlinkSTM\Core\Inc\main.h_save
2022-09-24 06:37:21,743 [INFO] CodeEngine:269 - Generated code: E:\VIVADO\Embedded_Systems\STM32\CUBEMX\Blink_project\BlinkSTM\Core\Inc\main.h
2022-09-24 06:37:21,794 [INFO] CodeEngine:245 - oldGeneratedFile, E:\VIVADO\Embedded_Systems\STM32\CUBEMX\Blink_project\BlinkSTM\Core\Src\main.c_save
2022-09-24 06:37:21,947 [INFO] CodeEngine:269 - Generated code: E:\VIVADO\Embedded_Systems\STM32\CUBEMX\Blink_project\BlinkSTM\Core\Src\main.c
2022-09-24 06:37:23,344 [INFO] ProjectBuilder:2919 - Time for Copy HAL[1] : 694mS.
2022-09-24 06:37:23,359 [INFO] ProjectBuilder:4117 - Project Generator version: 3.17.1
2022-09-24 06:37:23,950 [INFO] ConfigFileManager:1394 - The Die is : DIE412
2022-09-24 06:37:24,052 [INFO] ApiDbMcu:505 - Load IP Config File for FATFS
2022-09-24 06:37:24,082 [INFO] ApiDbMcu:505 - Load IP Config File for FREERTOS
2022-09-24 06:37:24,141 [INFO] ApiDbMcu:505 - Load IP Config File for USB_DEVICE
2022-09-24 06:37:32,343 [INFO] ProjectBuilder:4285 - Time for Generating toolchain IDE Files: 8983mS.
2022-09-24 06:37:32,347 [INFO] ProjectBuilder:2790 - Time for Copy CMSIS : 1mS.
2022-09-24 06:37:32,349 [INFO] ProjectBuilder:2790 - Time for Copy CMSIS : 0mS.
2022-09-24 07:39:17,925 [ERROR] LogOutputStream:74 - [STDERR_REDIRECT] 
2022-09-24 14:46:48,492 [INFO] Activator:177 - 


2022-09-24 14:46:48,516 [INFO] Activator:178 - !SESSION log4j initialized
2022-09-24 14:48:07,364 [ERROR] LogOutputStream:74 - [STDERR_REDIRECT] SLF4J: Failed to load class "org.slf4j.impl.StaticLoggerBinder".
2022-09-24 14:48:07,365 [ERROR] LogOutputStream:74 - [STDERR_REDIRECT] SLF4J: Defaulting to no-operation (NOP) logger implementation
2022-09-24 14:48:07,376 [ERROR] LogOutputStream:74 - [STDERR_REDIRECT] SLF4J: See http://www.slf4j.org/codes.html#StaticLoggerBinder for further details.
2022-09-24 20:03:31,452 [ERROR] ConfigurationRetriever:139 - IOException on connection: sw-center.st.com
2022-09-24 20:03:31,458 [ERROR] ConfigurationRetriever:139 - IOException on connection: sw-center.st.com
2022-09-24 20:03:31,458 [ERROR] ConfigurationRetriever:139 - IOException on connection: sw-center.st.com
